<?xml version="1.0" encoding="UTF-8"?>
<robot generator="Robot 3.2.2 (Python 3.9.1 on win32)" generated="20210122 11:06:41.324" rpa="false">
<suite id="s1" name="Login" source="C:\Users\aline.oliveira\Desktop\Ze\TesteAPP\test\login.robot">
<test id="s1-t1" name="Deve logar com sucesso">
<kw name="Open Session" library="base" type="setup">
<kw name="Set Appium Timeout" library="AppiumLibrary">
<doc>Sets the timeout in seconds used by various keywords.</doc>
<arguments>
<arg>10</arg>
</arguments>
<status status="PASS" starttime="20210122 11:06:41.626" endtime="20210122 11:06:41.627"></status>
</kw>
<kw name="Open Application" library="AppiumLibrary">
<doc>Opens a new application to given Appium server.
Capabilities of appium server, Android and iOS,
Please check https://github.com/appium/appium/blob/master/docs/en/writing-running-appium/server-args.md
| *Option*            | *Man.* | *Description*     |
| remote_url          | Yes    | Appium server url |
| alias               | no     | alias             |</doc>
<arguments>
<arg>http://localhost:4723/wd/hub</arg>
<arg>automationName=UiAutomator2</arg>
<arg>platformName=Android</arg>
<arg>deviceName=Emulator</arg>
<arg>app=${EXECDIR}/app/Zedelivery.apk</arg>
</arguments>
<status status="PASS" starttime="20210122 11:06:41.627" endtime="20210122 11:07:10.551"></status>
</kw>
<status status="PASS" starttime="20210122 11:06:41.626" endtime="20210122 11:07:10.551"></status>
</kw>
<kw name="Wait Until Page Contains" library="AppiumLibrary">
<doc>Waits until `text` appears on current page.</doc>
<arguments>
<arg>ALLOW</arg>
</arguments>
<status status="PASS" starttime="20210122 11:07:10.565" endtime="20210122 11:07:18.242"></status>
</kw>
<kw name="Click Text" library="AppiumLibrary">
<doc>Click text identified by ``text``.</doc>
<arguments>
<arg>ALLOW</arg>
</arguments>
<status status="PASS" starttime="20210122 11:07:18.245" endtime="20210122 11:07:18.956"></status>
</kw>
<kw name="Wait Until Page Contains" library="AppiumLibrary">
<doc>Waits until `text` appears on current page.</doc>
<arguments>
<arg>Já possui uma conta? Entrar</arg>
</arguments>
<status status="PASS" starttime="20210122 11:07:18.971" endtime="20210122 11:07:20.165"></status>
</kw>
<kw name="Click Text" library="AppiumLibrary">
<doc>Click text identified by ``text``.</doc>
<arguments>
<arg>Já possui uma conta? Entrar</arg>
</arguments>
<status status="PASS" starttime="20210122 11:07:20.197" endtime="20210122 11:07:20.421"></status>
</kw>
<kw name="Wait Until Page Contains" library="AppiumLibrary">
<doc>Waits until `text` appears on current page.</doc>
<arguments>
<arg>Esqueceu a senha?</arg>
</arguments>
<status status="PASS" starttime="20210122 11:07:20.431" endtime="20210122 11:07:23.053"></status>
</kw>
<kw name="Input Text" library="AppiumLibrary">
<doc>Types the given `text` into text field identified by `locator`.</doc>
<arguments>
<arg>xpath=//android.widget.EditText[@content-desc="email"]</arg>
<arg>mavinnicius@gmail.com</arg>
</arguments>
<msg timestamp="20210122 11:07:23.081" level="INFO">Typing text 'mavinnicius@gmail.com' into text field 'xpath=//android.widget.EditText[@content-desc="email"]'</msg>
<status status="PASS" starttime="20210122 11:07:23.080" endtime="20210122 11:07:23.540"></status>
</kw>
<kw name="Input Text" library="AppiumLibrary">
<doc>Types the given `text` into text field identified by `locator`.</doc>
<arguments>
<arg>xpath=//android.widget.EditText[@content-desc="password"]</arg>
<arg>M1234567</arg>
</arguments>
<msg timestamp="20210122 11:07:23.563" level="INFO">Typing text 'M1234567' into text field 'xpath=//android.widget.EditText[@content-desc="password"]'</msg>
<status status="PASS" starttime="20210122 11:07:23.561" endtime="20210122 11:07:24.191"></status>
</kw>
<kw name="Click Element" library="AppiumLibrary">
<doc>Click element identified by `locator`.</doc>
<arguments>
<arg>xpath=//android.view.ViewGroup[@content-desc="enter"]/android.widget.TextView</arg>
</arguments>
<msg timestamp="20210122 11:07:24.208" level="INFO">Clicking element 'xpath=//android.view.ViewGroup[@content-desc="enter"]/android.widget.TextView'.</msg>
<status status="PASS" starttime="20210122 11:07:24.206" endtime="20210122 11:07:24.789"></status>
</kw>
<kw name="Wait Until Page Contains" library="AppiumLibrary">
<doc>Waits until `text` appears on current page.</doc>
<arguments>
<arg>Onde você quer suas bebidas?</arg>
</arguments>
<status status="PASS" starttime="20210122 11:07:24.809" endtime="20210122 11:07:30.635"></status>
</kw>
<kw name="Close Session" library="base" type="teardown">
<kw name="Close Application" library="AppiumLibrary">
<doc>Closes the current application and also close webdriver session.</doc>
<status status="PASS" starttime="20210122 11:07:30.637" endtime="20210122 11:07:33.280"></status>
</kw>
<status status="PASS" starttime="20210122 11:07:30.636" endtime="20210122 11:07:33.280"></status>
</kw>
<status status="PASS" starttime="20210122 11:06:41.626" endtime="20210122 11:07:33.291" critical="yes"></status>
</test>
<status status="PASS" starttime="20210122 11:06:41.326" endtime="20210122 11:07:33.293"></status>
</suite>
<statistics>
<total>
<stat pass="1" fail="0">Critical Tests</stat>
<stat pass="1" fail="0">All Tests</stat>
</total>
<tag>
</tag>
<suite>
<stat pass="1" fail="0" id="s1" name="Login">Login</stat>
</suite>
</statistics>
<errors>
</errors>
</robot>
